Using pre-set license
Built from '2020.3/release' branch; Version is '2020.3.2f1 (8fd9074bf66c) revision 9427207'; Using compiler version '192528614'; Build Type 'Release'
OS: 'Windows 10 Pro; OS build 19042.867; Version 2009; 64bit' Language: 'ko' Physical Memory: 16267 MB
BatchMode: 1, IsHumanControllingUs: 0, StartBugReporterOnCrash: 0, Is64bit: 1, IsPro: 0

 COMMAND LINE ARGUMENTS:
C:\Program Files\Unity\Hub\Editor\2020.3.2f1\Editor\Unity.exe
-adb2
-batchMode
-noUpm
-name
AssetImportWorker0
-projectPath
C:/Users/seaea/Documents/UnityWorks/QuestSystemPro
-logFile
Logs/AssetImportWorker0.log
-srvPort
61648
Successfully changed project path to: C:/Users/seaea/Documents/UnityWorks/QuestSystemPro
C:/Users/seaea/Documents/UnityWorks/QuestSystemPro
Using Asset Import Pipeline V2.
Refreshing native plugins compatible for Editor in 34.56 ms, found 0 plugins.
Preloading 0 native plugins for Editor in 0.00 ms.
Initialize engine version: 2020.3.2f1 (8fd9074bf66c)
[Subsystems] Discovering subsystems at path C:/Program Files/Unity/Hub/Editor/2020.3.2f1/Editor/Data/Resources/UnitySubsystems
[Subsystems] Discovering subsystems at path C:/Users/seaea/Documents/UnityWorks/QuestSystemPro/Assets
GfxDevice: creating device client; threaded=0
Direct3D:
    Version:  Direct3D 11.0 [level 11.1]
    Renderer: Intel(R) HD Graphics P4600/P4700 (ID=0x41a)
    Vendor:   
    VRAM:     2048 MB
    Driver:   20.19.15.4326
Initialize mono
Mono path[0] = 'C:/Program Files/Unity/Hub/Editor/2020.3.2f1/Editor/Data/Managed'
Mono path[1] = 'C:/Program Files/Unity/Hub/Editor/2020.3.2f1/Editor/Data/MonoBleedingEdge/lib/mono/unityjit'
Mono config path = 'C:/Program Files/Unity/Hub/Editor/2020.3.2f1/Editor/Data/MonoBleedingEdge/etc'
Using monoOptions --debugger-agent=transport=dt_socket,embedding=1,server=y,suspend=n,address=127.0.0.1:56804
Begin MonoManager ReloadAssembly
Registering precompiled unity dll's ...
Register platform support module: C:/Program Files/Unity/Hub/Editor/2020.3.2f1/Editor/Data/PlaybackEngines/WindowsStandaloneSupport/UnityEditor.WindowsStandalone.Extensions.dll
Registered in 0.001968 seconds.
Native extension for WindowsStandalone target not found
Refreshing native plugins compatible for Editor in 34.92 ms, found 0 plugins.
Preloading 0 native plugins for Editor in 0.00 ms.
Invoked RoslynAnalysisRunner static constructor.
RoslynAnalysisRunner will not be running.
RoslynAnalysisRunner has terminated.
Mono: successfully reloaded assembly
- Completed reload, in  1.219 seconds
Platform modules already initialized, skipping
Registering precompiled user dll's ...
Registered in 0.000785 seconds.
Begin MonoManager ReloadAssembly
Native extension for WindowsStandalone target not found
Refreshing native plugins compatible for Editor in 0.34 ms, found 0 plugins.
Preloading 0 native plugins for Editor in 0.00 ms.
Invoked RoslynAnalysisRunner static constructor.
RoslynAnalysisRunner will not be running.
RoslynAnalysisRunner has terminated.
Mono: successfully reloaded assembly
- Completed reload, in  1.048 seconds
Platform modules already initialized, skipping
========================================================================
Worker process is ready to serve import requests
Launched and connected shader compiler UnityShaderCompiler.exe after 0.05 seconds
Refreshing native plugins compatible for Editor in 0.44 ms, found 0 plugins.
Preloading 0 native plugins for Editor in 0.00 ms.
Unloading 1699 Unused Serialized files (Serialized files now loaded: 0)
System memory in use before: 74.8 MB.
System memory in use after: 74.9 MB.

Unloading 9 unused Assets to reduce memory usage. Loaded Objects now: 2142.
Total: 2.155100 ms (FindLiveObjects: 0.261100 ms CreateObjectMapping: 0.090400 ms MarkObjects: 1.729500 ms  DeleteObjects: 0.072900 ms)

========================================================================
Received Import Request.
  path: Assets/Devdog/QuestSystemPro
  artifactKey: Guid(649823dd2d531304bb18c11aead05732) Importer(815301076,1909f56bfc062723c751e8b465ee728b)
Start importing Assets/Devdog/QuestSystemPro using Guid(649823dd2d531304bb18c11aead05732) Importer(815301076,1909f56bfc062723c751e8b465ee728b)  -> (artifact id: '467d97ec5be1661e03a71e7818f7f391') in 0.010169 seconds
  Import took 0.013410 seconds .

========================================================================
Received Import Request.
  Time since last request: 0.000188 seconds.
  path: Assets/Devdog/General.xml
  artifactKey: Guid(edba1b6db716d9c4788deed530687e19) Importer(815301076,1909f56bfc062723c751e8b465ee728b)
Start importing Assets/Devdog/General.xml using Guid(edba1b6db716d9c4788deed530687e19) Importer(815301076,1909f56bfc062723c751e8b465ee728b)  -> (artifact id: '2003d1b7b48dfdd3a5de8daf78393658') in 0.043074 seconds
  Import took 0.046529 seconds .

========================================================================
Received Import Request.
  Time since last request: 2.814608 seconds.
  path: Assets/Devdog/InventoryPro
  artifactKey: Guid(8f1a4eead73a1f04d95e19ad972326f0) Importer(815301076,1909f56bfc062723c751e8b465ee728b)
Start importing Assets/Devdog/InventoryPro using Guid(8f1a4eead73a1f04d95e19ad972326f0) Importer(815301076,1909f56bfc062723c751e8b465ee728b)  -> (artifact id: '8122b5d57f5b4ad50a74545c35ed164b') in 0.010676 seconds
  Import took 0.014753 seconds .

========================================================================
Received Import Request.
  Time since last request: 0.001051 seconds.
  path: Assets/Devdog/InventoryPro
  artifactKey: Guid(8f1a4eead73a1f04d95e19ad972326f0) Importer(815301076,1909f56bfc062723c751e8b465ee728b)
Start importing Assets/Devdog/InventoryPro using Guid(8f1a4eead73a1f04d95e19ad972326f0) Importer(815301076,1909f56bfc062723c751e8b465ee728b)  -> (artifact id: '8122b5d57f5b4ad50a74545c35ed164b') in 0.003243 seconds
  Import took 0.007537 seconds .

========================================================================
Received Import Request.
  Time since last request: 3.053224 seconds.
  path: Assets/Devdog/General
  artifactKey: Guid(2b77989d15f73ac428d4bd3bec0e480c) Importer(815301076,1909f56bfc062723c751e8b465ee728b)
Start importing Assets/Devdog/General using Guid(2b77989d15f73ac428d4bd3bec0e480c) Importer(815301076,1909f56bfc062723c751e8b465ee728b)  -> (artifact id: '7e474a60782fd11222c623780aa5313b') in 0.006296 seconds
  Import took 0.010907 seconds .

========================================================================
Received Import Request.
  Time since last request: 3.288250 seconds.
  path: Assets/Devdog/QuestSystemPro/readme.txt
  artifactKey: Guid(6ce82267edc037c49bfda8df8053e206) Importer(815301076,1909f56bfc062723c751e8b465ee728b)
Start importing Assets/Devdog/QuestSystemPro/readme.txt using Guid(6ce82267edc037c49bfda8df8053e206) Importer(815301076,1909f56bfc062723c751e8b465ee728b)  -> (artifact id: '585f9307d4b1a1abef0abaf16189ee44') in 0.011957 seconds
  Import took 0.015288 seconds .

========================================================================
Received Import Request.
  Time since last request: 0.018684 seconds.
  path: Assets/Devdog/QuestSystemPro/readme.txt
  artifactKey: Guid(6ce82267edc037c49bfda8df8053e206) Importer(815301076,1909f56bfc062723c751e8b465ee728b)
Start importing Assets/Devdog/QuestSystemPro/readme.txt using Guid(6ce82267edc037c49bfda8df8053e206) Importer(815301076,1909f56bfc062723c751e8b465ee728b)  -> (artifact id: '585f9307d4b1a1abef0abaf16189ee44') in 0.004379 seconds
  Import took 0.008456 seconds .

========================================================================
Received Import Request.
  Time since last request: 2.439977 seconds.
  path: Assets/Devdog/QuestSystemPro/DesignDiagram.mdj
  artifactKey: Guid(740f5e65c7124fb4197793e402d9c44f) Importer(815301076,1909f56bfc062723c751e8b465ee728b)
Start importing Assets/Devdog/QuestSystemPro/DesignDiagram.mdj using Guid(740f5e65c7124fb4197793e402d9c44f) Importer(815301076,1909f56bfc062723c751e8b465ee728b)  -> (artifact id: 'b1dc0070efc6420510556c7b5bbd9d96') in 0.010320 seconds
  Import took 0.013797 seconds .

========================================================================
Received Import Request.
  Time since last request: 131.142077 seconds.
  path: Assets/Devdog/QuestSystemPro/readme.txt
  artifactKey: Guid(6ce82267edc037c49bfda8df8053e206) Importer(815301076,1909f56bfc062723c751e8b465ee728b)
Start importing Assets/Devdog/QuestSystemPro/readme.txt using Guid(6ce82267edc037c49bfda8df8053e206) Importer(815301076,1909f56bfc062723c751e8b465ee728b)  -> (artifact id: 'a7559a24295ea4fd2a2c01da51323d24') in 0.014361 seconds
  Import took 0.026123 seconds .

========================================================================
Received Import Request.
  Time since last request: 0.000663 seconds.
  path: Assets/Devdog/QuestSystemPro/readme.txt
  artifactKey: Guid(6ce82267edc037c49bfda8df8053e206) Importer(815301076,1909f56bfc062723c751e8b465ee728b)
Start importing Assets/Devdog/QuestSystemPro/readme.txt using Guid(6ce82267edc037c49bfda8df8053e206) Importer(815301076,1909f56bfc062723c751e8b465ee728b)  -> (artifact id: 'a7559a24295ea4fd2a2c01da51323d24') in 0.016928 seconds
  Import took 0.021211 seconds .

========================================================================
Received Import Request.
  Time since last request: 20.244854 seconds.
  path: Assets/Devdog/QuestSystemPro/readme.txt
  artifactKey: Guid(6ce82267edc037c49bfda8df8053e206) Importer(815301076,1909f56bfc062723c751e8b465ee728b)
Start importing Assets/Devdog/QuestSystemPro/readme.txt using Guid(6ce82267edc037c49bfda8df8053e206) Importer(815301076,1909f56bfc062723c751e8b465ee728b)  -> (artifact id: '79ecb684ea46ad38863af5c6d930b6a6') in 0.113690 seconds
  Import took 0.118483 seconds .

AssetImportWorkerClient::OnTransportError - code=2 error=End of file
